0 info it worked if it ends with ok
1 verbose cli [ '/usr/bin/node', '/usr/bin/npm', 'run', 'develop' ]
2 info using npm@3.5.2
3 info using node@v8.10.0
4 verbose run-script [ 'predevelop', 'develop', 'postdevelop' ]
5 info lifecycle io-game-from-scratch@1.0.0~predevelop: io-game-from-scratch@1.0.0
6 silly lifecycle io-game-from-scratch@1.0.0~predevelop: no script for predevelop, continuing
7 info lifecycle io-game-from-scratch@1.0.0~develop: io-game-from-scratch@1.0.0
8 verbose lifecycle io-game-from-scratch@1.0.0~develop: unsafe-perm in lifecycle true
9 verbose lifecycle io-game-from-scratch@1.0.0~develop: PATH: /usr/share/npm/bin/node-gyp-bin:/home/lyndon/smashbrowsenode/node_modules/.bin:/home/lyndon/.vscode-server/bin/26076a4de974ead31f97692a0d32f90d735645c0/bin:/home/lyndon/.vscode-server/bin/26076a4de974ead31f97692a0d32f90d735645c0/bin:/usr/local/sbin:/usr/local/bin:/usr/sbin:/usr/bin:/sbin:/bin:/usr/games:/usr/local/games:/snap/bin:/home/lyndon/.dotnet/tools
10 verbose lifecycle io-game-from-scratch@1.0.0~develop: CWD: /home/lyndon/smashbrowsenode
11 silly lifecycle io-game-from-scratch@1.0.0~develop: Args: [ '-c',
11 silly lifecycle   'cross-env NODE_ENV=development node src/server/server.js' ]
12 silly lifecycle io-game-from-scratch@1.0.0~develop: Returned: code: 1  signal: null
13 info lifecycle io-game-from-scratch@1.0.0~develop: Failed to exec develop script
14 verbose stack Error: io-game-from-scratch@1.0.0 develop: `cross-env NODE_ENV=development node src/server/server.js`
14 verbose stack Exit status 1
14 verbose stack     at EventEmitter.<anonymous> (/usr/share/npm/lib/utils/lifecycle.js:232:16)
14 verbose stack     at emitTwo (events.js:126:13)
14 verbose stack     at EventEmitter.emit (events.js:214:7)
14 verbose stack     at ChildProcess.<anonymous> (/usr/share/npm/lib/utils/spawn.js:24:14)
14 verbose stack     at emitTwo (events.js:126:13)
14 verbose stack     at ChildProcess.emit (events.js:214:7)
14 verbose stack     at maybeClose (internal/child_process.js:925:16)
14 verbose stack     at Process.ChildProcess._handle.onexit (internal/child_process.js:209:5)
15 verbose pkgid io-game-from-scratch@1.0.0
16 verbose cwd /home/lyndon/smashbrowsenode
17 error Linux 4.15.0-74-generic
18 error argv "/usr/bin/node" "/usr/bin/npm" "run" "develop"
19 error node v8.10.0
20 error npm  v3.5.2
21 error code ELIFECYCLE
22 error io-game-from-scratch@1.0.0 develop: `cross-env NODE_ENV=development node src/server/server.js`
22 error Exit status 1
23 error Failed at the io-game-from-scratch@1.0.0 develop script 'cross-env NODE_ENV=development node src/server/server.js'.
23 error Make sure you have the latest version of node.js and npm installed.
23 error If you do, this is most likely a problem with the io-game-from-scratch package,
23 error not with npm itself.
23 error Tell the author that this fails on your system:
23 error     cross-env NODE_ENV=development node src/server/server.js
23 error You can get information on how to open an issue for this project with:
23 error     npm bugs io-game-from-scratch
23 error Or if that isn't available, you can get their info via:
23 error     npm owner ls io-game-from-scratch
23 error There is likely additional logging output above.
24 verbose exit [ 1, true ]
